I could not complete the Critic loop because the environment is read-only and command execution is restricted. I could read `SPEC.md`, `PLAN.md`, `REVIEW.md`, the acceptance tests, `Makefile`, and parts of `src/`, but:

- `make test acceptance lint typecheck` was rejected by policy.
- `py -m pytest`, `ruff`, and `mypy` were rejected by policy.
- `git log -10` failed on dubious ownership, and `git -c safe.directory=...` was rejected by policy.
- Updating `REVIEW.md`, adding acceptance tests, and committing were blocked by the read-only sandbox.

The verdict I attempted to write was:

```text
STATUS: CHANGES_REQUESTED
ITERATION: 1
FINDINGS:
- src/mylisp/__main__.py:1 violates SPEC §1.1-§1.3: the CLI is still `raise NotImplementedError`, so file mode, REPL mode, and `-e` cannot work.
- Makefile:13 and Makefile:15 violate SPEC §7: error acceptance tests must compare stderr byte-for-byte, but the runner uses `grep -qF "$$actual" "$$expected"`, which accepts substrings and can pass weakened output.
- tests/acceptance/00_smoke.lisp:1 through tests/acceptance/err_unbound.lisp:1 do not satisfy SPEC §7 minimum coverage. There are only 8 acceptance programs, far short of covering every numbered subsection of §4 and §5 and each §5.9 error prefix.
- PLAN.md:15 marks self-evaluating literals incomplete while tests/acceptance/00_smoke.lisp:1 already assumes top-level literal evaluation works; the plan and acceptance suite are inconsistent.
NEXT_ACTIONS_FOR_BUILDER:
- Implement the CLI entry points in src/mylisp/__main__.py for file mode, REPL mode, and `-e`, with MylispError formatting and exit codes.
- Fix `make acceptance` to compare stdout/stderr byte-for-byte, including `err_` tests, and preserve the required final `acceptance: <pass>/<total> passed` line.
- Implement the evaluator before declaring acceptance progress.
BLOCKED:
- Could not run required tests, inspect git history/diffs, write REVIEW.md, add tests, or commit due sandbox restrictions.
```
